2023-05-15 22:09:56.070 [restartedMain] INFO  com.atguigu.hospital.ManageApplication - Starting ManageApplication on mac300.charter.com with PID 33174 (/Users/yttao300/Documents/Career/HospitalSys/HospitalProject/reserve_parent/hospital-manage/target/classes started by yttao300 in /Users/yttao300/Documents/Career/HospitalSys/HospitalProject/reserve_parent)
2023-05-15 22:09:56.071 [restartedMain] INFO  com.atguigu.hospital.ManageApplication - The following profiles are active: dev
2023-05-15 22:09:56.092 [restartedMain] INFO  o.s.b.d.env.DevToolsPropertyDefaultsPostProcessor - Devtools property defaults active! Set 'spring.devtools.add-properties' to 'false' to disable
2023-05-15 22:09:56.092 [restartedMain] INFO  o.s.b.d.env.DevToolsPropertyDefaultsPostProcessor - For additional web related logging consider setting the 'logging.level.web' property to 'DEBUG'
2023-05-15 22:09:56.563 [restartedMain] INFO  o.s.c.s.PostProcessorRegistrationDelegate$BeanPostProcessorChecker - Bean 'org.springframework.transaction.annotation.ProxyTransactionManagementConfiguration' of type [org.springframework.transaction.annotation.ProxyTransactionManagementConfiguration] is not eligible for getting processed by all BeanPostProcessors (for example: not eligible for auto-proxying)
2023-05-15 22:09:56.684 [restartedMain] INFO  o.s.boot.web.embedded.tomcat.TomcatWebServer - Tomcat initialized with port(s): 9998 (http)
2023-05-15 22:09:56.688 [restartedMain] INFO  org.apache.coyote.http11.Http11NioProtocol - Initializing ProtocolHandler ["http-nio-9998"]
2023-05-15 22:09:56.688 [restartedMain] INFO  org.apache.catalina.core.StandardService - Starting service [Tomcat]
2023-05-15 22:09:56.688 [restartedMain] INFO  org.apache.catalina.core.StandardEngine - Starting Servlet engine: [Apache Tomcat/9.0.27]
2023-05-15 22:09:56.721 [restartedMain] INFO  o.a.c.core.ContainerBase.[Tomcat].[localhost].[/] - Initializing Spring embedded WebApplicationContext
2023-05-15 22:09:56.722 [restartedMain] INFO  org.springframework.web.context.ContextLoader - Root WebApplicationContext: initialization completed in 630 ms
2023-05-15 22:09:57.102 [restartedMain] INFO  s.d.s.w.PropertySourcedRequestMappingHandlerMapping - Mapped URL path [/v2/api-docs] onto method [springfox.documentation.swagger2.web.Swagger2Controller#getDocumentation(String, HttpServletRequest)]
2023-05-15 22:09:57.143 [restartedMain] INFO  o.s.scheduling.concurrent.ThreadPoolTaskExecutor - Initializing ExecutorService 'applicationTaskExecutor'
2023-05-15 22:09:57.246 [restartedMain] INFO  s.d.s.web.plugins.DocumentationPluginsBootstrapper - Context refreshed
2023-05-15 22:09:57.253 [restartedMain] INFO  s.d.s.web.plugins.DocumentationPluginsBootstrapper - Found 1 custom documentation plugin(s)
2023-05-15 22:09:57.266 [restartedMain] INFO  s.d.spring.web.scanners.ApiListingReferenceScanner - Scanning for api listing references
2023-05-15 22:09:57.275 [restartedMain] INFO  org.apache.coyote.http11.Http11NioProtocol - Starting ProtocolHandler ["http-nio-9998"]
2023-05-15 22:09:57.289 [restartedMain] INFO  o.s.boot.web.embedded.tomcat.TomcatWebServer - Tomcat started on port(s): 9998 (http) with context path ''
2023-05-15 22:09:57.291 [restartedMain] INFO  com.atguigu.hospital.ManageApplication - Started ManageApplication in 1.549 seconds (JVM running for 2.274)
2023-05-15 22:10:03.019 [http-nio-9998-exec-1] INFO  o.a.c.core.ContainerBase.[Tomcat].[localhost].[/] - Initializing Spring DispatcherServlet 'dispatcherServlet'
2023-05-15 22:10:03.019 [http-nio-9998-exec-1] INFO  org.springframework.web.servlet.DispatcherServlet - Initializing Servlet 'dispatcherServlet'
2023-05-15 22:10:03.022 [http-nio-9998-exec-1] INFO  org.springframework.web.servlet.DispatcherServlet - Completed initialization in 3 ms
2023-05-15 22:10:06.720 [http-nio-9998-exec-10] INFO  com.zaxxer.hikari.HikariDataSource - GuliHikariPool - Starting...
2023-05-15 22:10:06.859 [http-nio-9998-exec-10] INFO  com.zaxxer.hikari.HikariDataSource - GuliHikariPool - Start completed.
2023-05-15 22:10:06.898 [http-nio-9998-exec-10] INFO  com.atguigu.hospital.util.HttpRequestHelper - --> 发送请求：post data limit=10&sign=aa9ac942262b90d1abec0d0f3b8cb647&page=1&hoscode=1000_0&timestamp=1684213806894&
2023-05-15 22:10:06.993 [http-nio-9998-exec-10] INFO  com.atguigu.hospital.util.HttpRequestHelper - --> 应答结果：result data {"code":200,"message":"success","data":{"content":[],"pageable":{"sort":{"sorted":false,"unsorted":true,"empty":true},"offset":0,"pageNumber":0,"pageSize":10,"paged":true,"unpaged":false},"last":true,"totalPages":0,"totalElements":0,"sort":{"sorted":false,"unsorted":true,"empty":true},"size":10,"number":0,"first":true,"numberOfElements":0,"empty":true},"ok":true}
2023-05-15 22:10:50.779 [http-nio-9998-exec-6] INFO  com.atguigu.hospital.util.HttpRequestHelper - --> 发送请求：post data amount=100&hosScheduleId=1&availableNumber=22&sign=aa9ac942262b90d1abec0d0f3b8cb647&hoscode=1000_0&title=医师&workTime=0&reservedNumber=33&workDate=2023-05-11&skill=内分泌科常见病。&docname=邵迎红&depcode=200040878&status=1&timestamp=1684213850775&
2023-05-15 22:10:50.885 [http-nio-9998-exec-6] INFO  com.atguigu.hospital.util.HttpRequestHelper - --> 应答结果：result data {"code":200,"message":"success","data":null,"ok":true}
2023-05-15 22:10:50.921 [http-nio-9998-exec-6] INFO  com.atguigu.hospital.util.HttpRequestHelper - --> 发送请求：post data amount=100&hosScheduleId=2&availableNumber=6&sign=aa9ac942262b90d1abec0d0f3b8cb647&hoscode=1000_0&title=副主任医师&workTime=0&reservedNumber=40&workDate=2023-05-11&skill=骨质疏松和骨代谢疾病、糖尿病、甲状腺疾病。&docname=裴育&depcode=200040878&status=1&timestamp=1684213850915&
2023-05-15 22:10:50.938 [http-nio-9998-exec-6] INFO  com.atguigu.hospital.util.HttpRequestHelper - --> 应答结果：result data {"code":200,"message":"success","data":null,"ok":true}
2023-05-15 22:10:50.951 [http-nio-9998-exec-6] INFO  com.atguigu.hospital.util.HttpRequestHelper - --> 发送请求：post data amount=100&hosScheduleId=3&availableNumber=10&sign=aa9ac942262b90d1abec0d0f3b8cb647&hoscode=1000_0&title=副主任医师&workTime=1&reservedNumber=27&workDate=2023-05-12&skill=内分泌与代谢性疾病。&docname=邵迎红&depcode=200040878&status=1&timestamp=1684213850947&
2023-05-15 22:10:50.962 [http-nio-9998-exec-6] INFO  com.atguigu.hospital.util.HttpRequestHelper - --> 应答结果：result data {"code":200,"message":"success","data":null,"ok":true}
2023-05-15 22:10:50.972 [http-nio-9998-exec-6] INFO  com.atguigu.hospital.util.HttpRequestHelper - --> 发送请求：post data amount=100&hosScheduleId=4&availableNumber=22&sign=aa9ac942262b90d1abec0d0f3b8cb647&hoscode=1000_0&title=医师&workTime=0&reservedNumber=33&workDate=2023-05-13&skill=内分泌科常见病。&docname=邵迎红&depcode=200040878&status=1&timestamp=1684213850968&
2023-05-15 22:10:50.992 [http-nio-9998-exec-6] INFO  com.atguigu.hospital.util.HttpRequestHelper - --> 应答结果：result data {"code":200,"message":"success","data":null,"ok":true}
2023-05-15 22:10:50.999 [http-nio-9998-exec-6] INFO  com.atguigu.hospital.util.HttpRequestHelper - --> 发送请求：post data amount=100&hosScheduleId=5&availableNumber=6&sign=aa9ac942262b90d1abec0d0f3b8cb647&hoscode=1000_0&title=副主任医师&workTime=0&reservedNumber=40&workDate=2023-05-13&skill=骨质疏松和骨代谢疾病、糖尿病、甲状腺疾病。&docname=裴育&depcode=200040878&status=1&timestamp=1684213850997&
2023-05-15 22:10:51.010 [http-nio-9998-exec-6] INFO  com.atguigu.hospital.util.HttpRequestHelper - --> 应答结果：result data {"code":200,"message":"success","data":null,"ok":true}
2023-05-15 22:10:51.016 [http-nio-9998-exec-6] INFO  com.atguigu.hospital.util.HttpRequestHelper - --> 发送请求：post data amount=100&hosScheduleId=6&availableNumber=10&sign=aa9ac942262b90d1abec0d0f3b8cb647&hoscode=1000_0&title=副主任医师&workTime=1&reservedNumber=27&workDate=2023-05-14&skill=内分泌与代谢性疾病。&docname=邵迎红&depcode=200040878&status=1&timestamp=1684213851014&
2023-05-15 22:10:51.022 [http-nio-9998-exec-6] INFO  com.atguigu.hospital.util.HttpRequestHelper - --> 应答结果：result data {"code":200,"message":"success","data":null,"ok":true}
2023-05-15 22:10:51.030 [http-nio-9998-exec-6] INFO  com.atguigu.hospital.util.HttpRequestHelper - --> 发送请求：post data amount=100&hosScheduleId=7&availableNumber=22&sign=aa9ac942262b90d1abec0d0f3b8cb647&hoscode=1000_0&title=医师&workTime=0&reservedNumber=33&workDate=2023-05-15&skill=内分泌科常见病。&docname=邵迎红&depcode=200040878&status=1&timestamp=1684213851028&
2023-05-15 22:10:51.040 [http-nio-9998-exec-6] INFO  com.atguigu.hospital.util.HttpRequestHelper - --> 应答结果：result data {"code":200,"message":"success","data":null,"ok":true}
2023-05-15 22:10:51.048 [http-nio-9998-exec-6] INFO  com.atguigu.hospital.util.HttpRequestHelper - --> 发送请求：post data amount=100&hosScheduleId=8&availableNumber=6&sign=aa9ac942262b90d1abec0d0f3b8cb647&hoscode=1000_0&title=副主任医师&workTime=0&reservedNumber=40&workDate=2023-05-14&skill=骨质疏松和骨代谢疾病、糖尿病、甲状腺疾病。&docname=裴育&depcode=200040878&status=1&timestamp=1684213851046&
2023-05-15 22:10:51.060 [http-nio-9998-exec-6] INFO  com.atguigu.hospital.util.HttpRequestHelper - --> 应答结果：result data {"code":200,"message":"success","data":null,"ok":true}
2023-05-15 22:10:51.067 [http-nio-9998-exec-6] INFO  com.atguigu.hospital.util.HttpRequestHelper - --> 发送请求：post data amount=100&hosScheduleId=9&availableNumber=10&sign=aa9ac942262b90d1abec0d0f3b8cb647&hoscode=1000_0&title=副主任医师&workTime=1&reservedNumber=27&workDate=2023-05-16&skill=内分泌与代谢性疾病。&docname=邵迎红&depcode=200040878&status=1&timestamp=1684213851065&
2023-05-15 22:10:51.080 [http-nio-9998-exec-6] INFO  com.atguigu.hospital.util.HttpRequestHelper - --> 应答结果：result data {"code":200,"message":"success","data":null,"ok":true}
2023-05-15 22:10:51.087 [http-nio-9998-exec-6] INFO  com.atguigu.hospital.util.HttpRequestHelper - --> 发送请求：post data amount=100&hosScheduleId=10&availableNumber=22&sign=aa9ac942262b90d1abec0d0f3b8cb647&hoscode=1000_0&title=医师&workTime=0&reservedNumber=33&workDate=2023-05-16&skill=内分泌科常见病。&docname=邵迎红&depcode=200040878&status=1&timestamp=1684213851085&
2023-05-15 22:10:51.100 [http-nio-9998-exec-6] INFO  com.atguigu.hospital.util.HttpRequestHelper - --> 应答结果：result data {"code":200,"message":"success","data":null,"ok":true}
2023-05-15 22:10:51.106 [http-nio-9998-exec-6] INFO  com.atguigu.hospital.util.HttpRequestHelper - --> 发送请求：post data amount=100&hosScheduleId=11&availableNumber=6&sign=aa9ac942262b90d1abec0d0f3b8cb647&hoscode=1000_0&title=副主任医师&workTime=0&reservedNumber=40&workDate=2023-05-16&skill=骨质疏松和骨代谢疾病、糖尿病、甲状腺疾病。&docname=裴育&depcode=200040878&status=1&timestamp=1684213851105&
2023-05-15 22:10:51.122 [http-nio-9998-exec-6] INFO  com.atguigu.hospital.util.HttpRequestHelper - --> 应答结果：result data {"code":200,"message":"success","data":null,"ok":true}
2023-05-15 22:10:51.134 [http-nio-9998-exec-6] INFO  com.atguigu.hospital.util.HttpRequestHelper - --> 发送请求：post data amount=100&hosScheduleId=12&availableNumber=10&sign=aa9ac942262b90d1abec0d0f3b8cb647&hoscode=1000_0&title=副主任医师&workTime=1&reservedNumber=27&workDate=2023-05-17&skill=内分泌与代谢性疾病。&docname=邵迎红&depcode=200040878&status=1&timestamp=1684213851131&
2023-05-15 22:10:51.147 [http-nio-9998-exec-6] INFO  com.atguigu.hospital.util.HttpRequestHelper - --> 应答结果：result data {"code":200,"message":"success","data":null,"ok":true}
2023-05-15 22:10:51.156 [http-nio-9998-exec-6] INFO  com.atguigu.hospital.util.HttpRequestHelper - --> 发送请求：post data amount=100&hosScheduleId=13&availableNumber=22&sign=aa9ac942262b90d1abec0d0f3b8cb647&hoscode=1000_0&title=医师&workTime=0&reservedNumber=33&workDate=2023-05-17&skill=内分泌科常见病。&docname=邵迎红&depcode=200040878&status=1&timestamp=1684213851154&
2023-05-15 22:10:51.178 [http-nio-9998-exec-6] INFO  com.atguigu.hospital.util.HttpRequestHelper - --> 应答结果：result data {"code":200,"message":"success","data":null,"ok":true}
2023-05-15 22:10:51.184 [http-nio-9998-exec-6] INFO  com.atguigu.hospital.util.HttpRequestHelper - --> 发送请求：post data amount=100&hosScheduleId=14&availableNumber=6&sign=aa9ac942262b90d1abec0d0f3b8cb647&hoscode=1000_0&title=副主任医师&workTime=0&reservedNumber=40&workDate=2023-05-17&skill=骨质疏松和骨代谢疾病、糖尿病、甲状腺疾病。&docname=裴育&depcode=200040878&status=1&timestamp=1684213851182&
2023-05-15 22:10:51.190 [http-nio-9998-exec-6] INFO  com.atguigu.hospital.util.HttpRequestHelper - --> 应答结果：result data {"code":200,"message":"success","data":null,"ok":true}
2023-05-15 22:10:51.196 [http-nio-9998-exec-6] INFO  com.atguigu.hospital.util.HttpRequestHelper - --> 发送请求：post data amount=100&hosScheduleId=15&availableNumber=10&sign=aa9ac942262b90d1abec0d0f3b8cb647&hoscode=1000_0&title=副主任医师&workTime=1&reservedNumber=27&workDate=2023-05-18&skill=内分泌与代谢性疾病。&docname=邵迎红&depcode=200040878&status=1&timestamp=1684213851194&
2023-05-15 22:10:51.202 [http-nio-9998-exec-6] INFO  com.atguigu.hospital.util.HttpRequestHelper - --> 应答结果：result data {"code":200,"message":"success","data":null,"ok":true}
2023-05-15 22:10:51.211 [http-nio-9998-exec-6] INFO  com.atguigu.hospital.util.HttpRequestHelper - --> 发送请求：post data amount=100&hosScheduleId=16&availableNumber=22&sign=aa9ac942262b90d1abec0d0f3b8cb647&hoscode=1000_0&title=医师&workTime=0&reservedNumber=33&workDate=2023-05-18&skill=内分泌科常见病。&docname=邵迎红&depcode=200040878&status=1&timestamp=1684213851209&
2023-05-15 22:10:51.220 [http-nio-9998-exec-6] INFO  com.atguigu.hospital.util.HttpRequestHelper - --> 应答结果：result data {"code":200,"message":"success","data":null,"ok":true}
2023-05-15 22:10:51.225 [http-nio-9998-exec-6] INFO  com.atguigu.hospital.util.HttpRequestHelper - --> 发送请求：post data amount=100&hosScheduleId=17&availableNumber=6&sign=aa9ac942262b90d1abec0d0f3b8cb647&hoscode=1000_0&title=副主任医师&workTime=0&reservedNumber=40&workDate=2023-05-18&skill=骨质疏松和骨代谢疾病、糖尿病、甲状腺疾病。&docname=裴育&depcode=200040878&status=1&timestamp=1684213851224&
2023-05-15 22:10:51.235 [http-nio-9998-exec-6] INFO  com.atguigu.hospital.util.HttpRequestHelper - --> 应答结果：result data {"code":200,"message":"success","data":null,"ok":true}
2023-05-15 22:10:51.240 [http-nio-9998-exec-6] INFO  com.atguigu.hospital.util.HttpRequestHelper - --> 发送请求：post data amount=100&hosScheduleId=18&availableNumber=10&sign=aa9ac942262b90d1abec0d0f3b8cb647&hoscode=1000_0&title=副主任医师&workTime=1&reservedNumber=27&workDate=2023-05-19&skill=内分泌与代谢性疾病。&docname=邵迎红&depcode=200040878&status=1&timestamp=1684213851239&
2023-05-15 22:10:51.262 [http-nio-9998-exec-6] INFO  com.atguigu.hospital.util.HttpRequestHelper - --> 应答结果：result data {"code":200,"message":"success","data":null,"ok":true}
2023-05-15 22:10:51.280 [http-nio-9998-exec-6] INFO  com.atguigu.hospital.util.HttpRequestHelper - --> 发送请求：post data amount=100&hosScheduleId=19&availableNumber=22&sign=aa9ac942262b90d1abec0d0f3b8cb647&hoscode=1000_0&title=医师&workTime=0&reservedNumber=33&workDate=2023-05-19&skill=内分泌科常见病。&docname=邵迎红&depcode=200040878&status=1&timestamp=1684213851267&
2023-05-15 22:10:51.287 [http-nio-9998-exec-6] INFO  com.atguigu.hospital.util.HttpRequestHelper - --> 应答结果：result data {"code":200,"message":"success","data":null,"ok":true}
2023-05-15 22:10:51.315 [http-nio-9998-exec-6] INFO  com.atguigu.hospital.util.HttpRequestHelper - --> 发送请求：post data amount=100&hosScheduleId=20&availableNumber=6&sign=aa9ac942262b90d1abec0d0f3b8cb647&hoscode=1000_0&title=副主任医师&workTime=0&reservedNumber=40&workDate=2023-05-19&skill=骨质疏松和骨代谢疾病、糖尿病、甲状腺疾病。&docname=裴育&depcode=200040878&status=1&timestamp=1684213851313&
2023-05-15 22:10:51.323 [http-nio-9998-exec-6] INFO  com.atguigu.hospital.util.HttpRequestHelper - --> 应答结果：result data {"code":200,"message":"success","data":null,"ok":true}
2023-05-15 22:10:51.328 [http-nio-9998-exec-6] INFO  com.atguigu.hospital.util.HttpRequestHelper - --> 发送请求：post data amount=100&hosScheduleId=21&availableNumber=10&sign=aa9ac942262b90d1abec0d0f3b8cb647&hoscode=1000_0&title=副主任医师&workTime=1&reservedNumber=27&workDate=2023-05-20&skill=内分泌与代谢性疾病。&docname=邵迎红&depcode=200040878&status=1&timestamp=1684213851327&
2023-05-15 22:10:51.342 [http-nio-9998-exec-6] INFO  com.atguigu.hospital.util.HttpRequestHelper - --> 应答结果：result data {"code":200,"message":"success","data":null,"ok":true}
2023-05-15 22:10:51.352 [http-nio-9998-exec-6] INFO  com.atguigu.hospital.util.HttpRequestHelper - --> 发送请求：post data amount=100&hosScheduleId=22&availableNumber=22&sign=aa9ac942262b90d1abec0d0f3b8cb647&hoscode=1000_0&title=医师&workTime=0&reservedNumber=33&workDate=2023-05-20&skill=内分泌科常见病。&docname=邵迎红&depcode=200040878&status=1&timestamp=1684213851350&
2023-05-15 22:10:51.364 [http-nio-9998-exec-6] INFO  com.atguigu.hospital.util.HttpRequestHelper - --> 应答结果：result data {"code":200,"message":"success","data":null,"ok":true}
2023-05-15 22:10:51.370 [http-nio-9998-exec-6] INFO  com.atguigu.hospital.util.HttpRequestHelper - --> 发送请求：post data amount=100&hosScheduleId=23&availableNumber=6&sign=aa9ac942262b90d1abec0d0f3b8cb647&hoscode=1000_0&title=副主任医师&workTime=0&reservedNumber=40&workDate=2023-05-20&skill=骨质疏松和骨代谢疾病、糖尿病、甲状腺疾病。&docname=裴育&depcode=200040878&status=1&timestamp=1684213851369&
2023-05-15 22:10:51.387 [http-nio-9998-exec-6] INFO  com.atguigu.hospital.util.HttpRequestHelper - --> 应答结果：result data {"code":200,"message":"success","data":null,"ok":true}
2023-05-15 22:10:51.392 [http-nio-9998-exec-6] INFO  com.atguigu.hospital.util.HttpRequestHelper - --> 发送请求：post data amount=100&hosScheduleId=24&availableNumber=10&sign=aa9ac942262b90d1abec0d0f3b8cb647&hoscode=1000_0&title=副主任医师&workTime=1&reservedNumber=27&workDate=2023-05-21&skill=内分泌与代谢性疾病。&docname=邵迎红&depcode=200040878&status=1&timestamp=1684213851391&
2023-05-15 22:10:51.414 [http-nio-9998-exec-6] INFO  com.atguigu.hospital.util.HttpRequestHelper - --> 应答结果：result data {"code":200,"message":"success","data":null,"ok":true}
2023-05-15 22:10:51.419 [http-nio-9998-exec-6] INFO  com.atguigu.hospital.util.HttpRequestHelper - --> 发送请求：post data amount=100&hosScheduleId=25&availableNumber=22&sign=aa9ac942262b90d1abec0d0f3b8cb647&hoscode=1000_0&title=医师&workTime=0&reservedNumber=33&workDate=2023-05-21&skill=内分泌科常见病。&docname=邵迎红&depcode=200040878&status=1&timestamp=1684213851417&
2023-05-15 22:10:51.424 [http-nio-9998-exec-6] INFO  com.atguigu.hospital.util.HttpRequestHelper - --> 应答结果：result data {"code":200,"message":"success","data":null,"ok":true}
2023-05-15 22:10:51.428 [http-nio-9998-exec-6] INFO  com.atguigu.hospital.util.HttpRequestHelper - --> 发送请求：post data amount=100&hosScheduleId=26&availableNumber=6&sign=aa9ac942262b90d1abec0d0f3b8cb647&hoscode=1000_0&title=副主任医师&workTime=0&reservedNumber=40&workDate=2023-05-21&skill=骨质疏松和骨代谢疾病、糖尿病、甲状腺疾病。&docname=裴育&depcode=200040878&status=1&timestamp=1684213851426&
2023-05-15 22:10:51.432 [http-nio-9998-exec-6] INFO  com.atguigu.hospital.util.HttpRequestHelper - --> 应答结果：result data {"code":200,"message":"success","data":null,"ok":true}
2023-05-15 22:10:51.438 [http-nio-9998-exec-6] INFO  com.atguigu.hospital.util.HttpRequestHelper - --> 发送请求：post data amount=100&hosScheduleId=27&availableNumber=10&sign=aa9ac942262b90d1abec0d0f3b8cb647&hoscode=1000_0&title=副主任医师&workTime=1&reservedNumber=27&workDate=2023-05-22&skill=内分泌与代谢性疾病。&docname=邵迎红&depcode=200040878&status=1&timestamp=1684213851437&
2023-05-15 22:10:51.447 [http-nio-9998-exec-6] INFO  com.atguigu.hospital.util.HttpRequestHelper - --> 应答结果：result data {"code":200,"message":"success","data":null,"ok":true}
2023-05-15 22:10:51.454 [http-nio-9998-exec-6] INFO  com.atguigu.hospital.util.HttpRequestHelper - --> 发送请求：post data amount=100&hosScheduleId=29&availableNumber=6&sign=aa9ac942262b90d1abec0d0f3b8cb647&hoscode=1000_0&title=副主任医师&workTime=0&reservedNumber=40&workDate=2023-05-22&skill=骨质疏松和骨代谢疾病、糖尿病、甲状腺疾病。&docname=裴育&depcode=200040878&status=1&timestamp=1684213851453&
2023-05-15 22:10:51.466 [http-nio-9998-exec-6] INFO  com.atguigu.hospital.util.HttpRequestHelper - --> 应答结果：result data {"code":200,"message":"success","data":null,"ok":true}
2023-05-15 22:10:51.471 [http-nio-9998-exec-6] INFO  com.atguigu.hospital.util.HttpRequestHelper - --> 发送请求：post data amount=100&hosScheduleId=30&availableNumber=10&sign=aa9ac942262b90d1abec0d0f3b8cb647&hoscode=1000_0&title=副主任医师&workTime=1&reservedNumber=27&workDate=2023-05-23&skill=内分泌与代谢性疾病。&docname=邵迎红&depcode=200040878&status=1&timestamp=1684213851470&
2023-05-15 22:10:51.487 [http-nio-9998-exec-6] INFO  com.atguigu.hospital.util.HttpRequestHelper - --> 应答结果：result data {"code":200,"message":"success","data":null,"ok":true}
2023-05-15 22:10:51.492 [http-nio-9998-exec-6] INFO  com.atguigu.hospital.util.HttpRequestHelper - --> 发送请求：post data amount=100&hosScheduleId=31&availableNumber=22&sign=aa9ac942262b90d1abec0d0f3b8cb647&hoscode=1000_0&title=医师&workTime=0&reservedNumber=33&workDate=2023-05-23&skill=内分泌科常见病。&docname=邵迎红&depcode=200040878&status=1&timestamp=1684213851491&
2023-05-15 22:10:51.506 [http-nio-9998-exec-6] INFO  com.atguigu.hospital.util.HttpRequestHelper - --> 应答结果：result data {"code":200,"message":"success","data":null,"ok":true}
2023-05-15 22:10:51.510 [http-nio-9998-exec-6] INFO  com.atguigu.hospital.util.HttpRequestHelper - --> 发送请求：post data amount=100&hosScheduleId=32&availableNumber=6&sign=aa9ac942262b90d1abec0d0f3b8cb647&hoscode=1000_0&title=副主任医师&workTime=0&reservedNumber=40&workDate=2023-05-23&skill=骨质疏松和骨代谢疾病、糖尿病、甲状腺疾病。&docname=裴育&depcode=200040878&status=1&timestamp=1684213851509&
2023-05-15 22:10:51.539 [http-nio-9998-exec-6] INFO  com.atguigu.hospital.util.HttpRequestHelper - --> 应答结果：result data {"code":200,"message":"success","data":null,"ok":true}
2023-05-15 22:10:51.546 [http-nio-9998-exec-6] INFO  com.atguigu.hospital.util.HttpRequestHelper - --> 发送请求：post data amount=100&hosScheduleId=33&availableNumber=10&sign=aa9ac942262b90d1abec0d0f3b8cb647&hoscode=1000_0&title=副主任医师&workTime=1&reservedNumber=27&workDate=2023-05-24&skill=内分泌与代谢性疾病。&docname=邵迎红&depcode=200040878&status=1&timestamp=1684213851545&
2023-05-15 22:10:51.556 [http-nio-9998-exec-6] INFO  com.atguigu.hospital.util.HttpRequestHelper - --> 应答结果：result data {"code":200,"message":"success","data":null,"ok":true}
2023-05-15 22:10:51.560 [http-nio-9998-exec-6] INFO  com.atguigu.hospital.util.HttpRequestHelper - --> 发送请求：post data amount=100&hosScheduleId=34&availableNumber=22&sign=aa9ac942262b90d1abec0d0f3b8cb647&hoscode=1000_0&title=医师&workTime=0&reservedNumber=33&workDate=2023-05-24&skill=内分泌科常见病。&docname=邵迎红&depcode=200040878&status=1&timestamp=1684213851559&
2023-05-15 22:10:51.569 [http-nio-9998-exec-6] INFO  com.atguigu.hospital.util.HttpRequestHelper - --> 应答结果：result data {"code":200,"message":"success","data":null,"ok":true}
2023-05-15 22:10:51.574 [http-nio-9998-exec-6] INFO  com.atguigu.hospital.util.HttpRequestHelper - --> 发送请求：post data amount=100&hosScheduleId=35&availableNumber=6&sign=aa9ac942262b90d1abec0d0f3b8cb647&hoscode=1000_0&title=副主任医师&workTime=0&reservedNumber=40&workDate=2023-05-24&skill=骨质疏松和骨代谢疾病、糖尿病、甲状腺疾病。&docname=裴育&depcode=200040878&status=1&timestamp=1684213851573&
2023-05-15 22:10:51.581 [http-nio-9998-exec-6] INFO  com.atguigu.hospital.util.HttpRequestHelper - --> 应答结果：result data {"code":200,"message":"success","data":null,"ok":true}
2023-05-15 22:10:51.585 [http-nio-9998-exec-6] INFO  com.atguigu.hospital.util.HttpRequestHelper - --> 发送请求：post data amount=100&hosScheduleId=36&availableNumber=10&sign=aa9ac942262b90d1abec0d0f3b8cb647&hoscode=1000_0&title=副主任医师&workTime=1&reservedNumber=27&workDate=2023-05-25&skill=内分泌与代谢性疾病。&docname=邵迎红&depcode=200040878&status=1&timestamp=1684213851584&
2023-05-15 22:10:51.592 [http-nio-9998-exec-6] INFO  com.atguigu.hospital.util.HttpRequestHelper - --> 应答结果：result data {"code":200,"message":"success","data":null,"ok":true}
2023-05-15 22:10:51.596 [http-nio-9998-exec-6] INFO  com.atguigu.hospital.util.HttpRequestHelper - --> 发送请求：post data amount=100&hosScheduleId=37&availableNumber=22&sign=aa9ac942262b90d1abec0d0f3b8cb647&hoscode=1000_0&title=医师&workTime=0&reservedNumber=33&workDate=2023-05-25&skill=内分泌科常见病。&docname=邵迎红&depcode=200040878&status=1&timestamp=1684213851595&
2023-05-15 22:10:51.604 [http-nio-9998-exec-6] INFO  com.atguigu.hospital.util.HttpRequestHelper - --> 应答结果：result data {"code":200,"message":"success","data":null,"ok":true}
2023-05-15 22:10:51.609 [http-nio-9998-exec-6] INFO  com.atguigu.hospital.util.HttpRequestHelper - --> 发送请求：post data amount=100&hosScheduleId=38&availableNumber=6&sign=aa9ac942262b90d1abec0d0f3b8cb647&hoscode=1000_0&title=副主任医师&workTime=0&reservedNumber=40&workDate=2023-05-25&skill=骨质疏松和骨代谢疾病、糖尿病、甲状腺疾病。&docname=裴育&depcode=200040878&status=1&timestamp=1684213851608&
2023-05-15 22:10:51.614 [http-nio-9998-exec-6] INFO  com.atguigu.hospital.util.HttpRequestHelper - --> 应答结果：result data {"code":200,"message":"success","data":null,"ok":true}
2023-05-15 22:10:51.619 [http-nio-9998-exec-6] INFO  com.atguigu.hospital.util.HttpRequestHelper - --> 发送请求：post data amount=100&hosScheduleId=39&availableNumber=10&sign=aa9ac942262b90d1abec0d0f3b8cb647&hoscode=1000_0&title=副主任医师&workTime=1&reservedNumber=27&workDate=2023-05-26&skill=内分泌与代谢性疾病。&docname=邵迎红&depcode=200040878&status=1&timestamp=1684213851617&
2023-05-15 22:10:51.629 [http-nio-9998-exec-6] INFO  com.atguigu.hospital.util.HttpRequestHelper - --> 应答结果：result data {"code":200,"message":"success","data":null,"ok":true}
2023-05-15 22:10:51.634 [http-nio-9998-exec-6] INFO  com.atguigu.hospital.util.HttpRequestHelper - --> 发送请求：post data amount=100&hosScheduleId=40&availableNumber=22&sign=aa9ac942262b90d1abec0d0f3b8cb647&hoscode=1000_0&title=医师&workTime=0&reservedNumber=33&workDate=2023-05-26&skill=内分泌科常见病。&docname=邵迎红&depcode=200040878&status=1&timestamp=1684213851633&
2023-05-15 22:10:51.655 [http-nio-9998-exec-6] INFO  com.atguigu.hospital.util.HttpRequestHelper - --> 应答结果：result data {"code":200,"message":"success","data":null,"ok":true}
2023-05-15 22:10:51.674 [http-nio-9998-exec-6] INFO  com.atguigu.hospital.util.HttpRequestHelper - --> 发送请求：post data amount=100&hosScheduleId=41&availableNumber=6&sign=aa9ac942262b90d1abec0d0f3b8cb647&hoscode=1000_0&title=副主任医师&workTime=0&reservedNumber=40&workDate=2023-05-26&skill=骨质疏松和骨代谢疾病、糖尿病、甲状腺疾病。&docname=裴育&depcode=200040878&status=1&timestamp=1684213851673&
2023-05-15 22:10:51.688 [http-nio-9998-exec-6] INFO  com.atguigu.hospital.util.HttpRequestHelper - --> 应答结果：result data {"code":200,"message":"success","data":null,"ok":true}
2023-05-15 22:10:51.692 [http-nio-9998-exec-6] INFO  com.atguigu.hospital.util.HttpRequestHelper - --> 发送请求：post data amount=100&hosScheduleId=42&availableNumber=10&sign=aa9ac942262b90d1abec0d0f3b8cb647&hoscode=1000_0&title=副主任医师&workTime=1&reservedNumber=27&workDate=2023-05-27&skill=内分泌与代谢性疾病。&docname=邵迎红&depcode=200040878&status=1&timestamp=1684213851691&
2023-05-15 22:10:51.705 [http-nio-9998-exec-6] INFO  com.atguigu.hospital.util.HttpRequestHelper - --> 应答结果：result data {"code":200,"message":"success","data":null,"ok":true}
2023-05-15 22:10:51.710 [http-nio-9998-exec-6] INFO  com.atguigu.hospital.util.HttpRequestHelper - --> 发送请求：post data amount=100&hosScheduleId=43&availableNumber=22&sign=aa9ac942262b90d1abec0d0f3b8cb647&hoscode=1000_0&title=医师&workTime=0&reservedNumber=33&workDate=2023-05-27&skill=内分泌科常见病。&docname=邵迎红&depcode=200040878&status=1&timestamp=1684213851709&
2023-05-15 22:10:51.720 [http-nio-9998-exec-6] INFO  com.atguigu.hospital.util.HttpRequestHelper - --> 应答结果：result data {"code":200,"message":"success","data":null,"ok":true}
2023-05-15 22:10:51.725 [http-nio-9998-exec-6] INFO  com.atguigu.hospital.util.HttpRequestHelper - --> 发送请求：post data amount=100&hosScheduleId=44&availableNumber=6&sign=aa9ac942262b90d1abec0d0f3b8cb647&hoscode=1000_0&title=副主任医师&workTime=0&reservedNumber=40&workDate=2023-05-27&skill=骨质疏松和骨代谢疾病、糖尿病、甲状腺疾病。&docname=裴育&depcode=200040878&status=1&timestamp=1684213851724&
2023-05-15 22:10:51.740 [http-nio-9998-exec-6] INFO  com.atguigu.hospital.util.HttpRequestHelper - --> 应答结果：result data {"code":200,"message":"success","data":null,"ok":true}
2023-05-15 22:10:51.744 [http-nio-9998-exec-6] INFO  com.atguigu.hospital.util.HttpRequestHelper - --> 发送请求：post data amount=100&hosScheduleId=45&availableNumber=10&sign=aa9ac942262b90d1abec0d0f3b8cb647&hoscode=1000_0&title=副主任医师&workTime=1&reservedNumber=27&workDate=2023-05-28&skill=内分泌与代谢性疾病。&docname=邵迎红&depcode=200040878&status=1&timestamp=1684213851743&
2023-05-15 22:10:51.763 [http-nio-9998-exec-6] INFO  com.atguigu.hospital.util.HttpRequestHelper - --> 应答结果：result data {"code":200,"message":"success","data":null,"ok":true}
2023-05-15 22:10:51.784 [http-nio-9998-exec-6] INFO  com.atguigu.hospital.util.HttpRequestHelper - --> 发送请求：post data amount=100&hosScheduleId=46&availableNumber=22&sign=aa9ac942262b90d1abec0d0f3b8cb647&hoscode=1000_0&title=医师&workTime=0&reservedNumber=33&workDate=2023-05-28&skill=内分泌科常见病。&docname=邵迎红&depcode=200040878&status=1&timestamp=1684213851782&
2023-05-15 22:10:51.790 [http-nio-9998-exec-6] INFO  com.atguigu.hospital.util.HttpRequestHelper - --> 应答结果：result data {"code":200,"message":"success","data":null,"ok":true}
2023-05-15 22:10:51.795 [http-nio-9998-exec-6] INFO  com.atguigu.hospital.util.HttpRequestHelper - --> 发送请求：post data amount=100&hosScheduleId=47&availableNumber=6&sign=aa9ac942262b90d1abec0d0f3b8cb647&hoscode=1000_0&title=副主任医师&workTime=0&reservedNumber=40&workDate=2023-05-28&skill=骨质疏松和骨代谢疾病、糖尿病、甲状腺疾病。&docname=裴育&depcode=200040878&status=1&timestamp=1684213851794&
2023-05-15 22:10:51.801 [http-nio-9998-exec-6] INFO  com.atguigu.hospital.util.HttpRequestHelper - --> 应答结果：result data {"code":200,"message":"success","data":null,"ok":true}
2023-05-15 22:10:51.806 [http-nio-9998-exec-6] INFO  com.atguigu.hospital.util.HttpRequestHelper - --> 发送请求：post data amount=100&hosScheduleId=48&availableNumber=10&sign=aa9ac942262b90d1abec0d0f3b8cb647&hoscode=1000_0&title=副主任医师&workTime=1&reservedNumber=27&workDate=2023-05-29&skill=内分泌与代谢性疾病。&docname=邵迎红&depcode=200040878&status=1&timestamp=1684213851805&
2023-05-15 22:10:51.815 [http-nio-9998-exec-6] INFO  com.atguigu.hospital.util.HttpRequestHelper - --> 应答结果：result data {"code":200,"message":"success","data":null,"ok":true}
2023-05-15 22:10:53.813 [http-nio-9998-exec-1] INFO  com.atguigu.hospital.util.HttpRequestHelper - --> 发送请求：post data limit=10&sign=aa9ac942262b90d1abec0d0f3b8cb647&page=1&hoscode=1000_0&timestamp=1684213853808&
2023-05-15 22:10:53.914 [http-nio-9998-exec-1] INFO  com.atguigu.hospital.util.HttpRequestHelper - --> 应答结果：result data {"code":200,"message":"success","data":{"content":[{"id":"6463105adc11af3b666cf0e0","createTime":"2023-05-16 13:10:50","updateTime":"2023-05-16 13:10:50","isDeleted":0,"param":{},"hoscode":"1000_0","depcode":"200040878","title":"医师","docname":"邵迎红","skill":"内分泌科常见病。","workDate":"2023-05-11","workTime":0,"reservedNumber":33,"availableNumber":22,"amount":100,"status":1,"hosScheduleId":"1"},{"id":"6463105adc11af3b666cf0e1","createTime":"2023-05-16 13:10:50","updateTime":"2023-05-16 13:10:50","isDeleted":0,"param":{},"hoscode":"1000_0","depcode":"200040878","title":"副主任医师","docname":"裴育","skill":"骨质疏松和骨代谢疾病、糖尿病、甲状腺疾病。","workDate":"2023-05-11","workTime":0,"reservedNumber":40,"availableNumber":6,"amount":100,"status":1,"hosScheduleId":"2"},{"id":"6463105adc11af3b666cf0e2","createTime":"2023-05-16 13:10:50","updateTime":"2023-05-16 13:10:50","isDeleted":0,"param":{},"hoscode":"1000_0","depcode":"200040878","title":"副主任医师","docname":"邵迎红","skill":"内分泌与代谢性疾病。","workDate":"2023-05-12","workTime":1,"reservedNumber":27,"availableNumber":10,"amount":100,"status":1,"hosScheduleId":"3"},{"id":"6463105adc11af3b666cf0e3","createTime":"2023-05-16 13:10:50","updateTime":"2023-05-16 13:10:50","isDeleted":0,"param":{},"hoscode":"1000_0","depcode":"200040878","title":"医师","docname":"邵迎红","skill":"内分泌科常见病。","workDate":"2023-05-13","workTime":0,"reservedNumber":33,"availableNumber":22,"amount":100,"status":1,"hosScheduleId":"4"},{"id":"6463105bdc11af3b666cf0e4","createTime":"2023-05-16 13:10:51","updateTime":"2023-05-16 13:10:51","isDeleted":0,"param":{},"hoscode":"1000_0","depcode":"200040878","title":"副主任医师","docname":"裴育","skill":"骨质疏松和骨代谢疾病、糖尿病、甲状腺疾病。","workDate":"2023-05-13","workTime":0,"reservedNumber":40,"availableNumber":6,"amount":100,"status":1,"hosScheduleId":"5"},{"id":"6463105bdc11af3b666cf0e5","createTime":"2023-05-16 13:10:51","updateTime":"2023-05-16 13:10:51","isDeleted":0,"param":{},"hoscode":"1000_0","depcode":"200040878","title":"副主任医师","docname":"邵迎红","skill":"内分泌与代谢性疾病。","workDate":"2023-05-14","workTime":1,"reservedNumber":27,"availableNumber":10,"amount":100,"status":1,"hosScheduleId":"6"},{"id":"6463105bdc11af3b666cf0e6","createTime":"2023-05-16 13:10:51","updateTime":"2023-05-16 13:10:51","isDeleted":0,"param":{},"hoscode":"1000_0","depcode":"200040878","title":"医师","docname":"邵迎红","skill":"内分泌科常见病。","workDate":"2023-05-15","workTime":0,"reservedNumber":33,"availableNumber":22,"amount":100,"status":1,"hosScheduleId":"7"},{"id":"6463105bdc11af3b666cf0e7","createTime":"2023-05-16 13:10:51","updateTime":"2023-05-16 13:10:51","isDeleted":0,"param":{},"hoscode":"1000_0","depcode":"200040878","title":"副主任医师","docname":"裴育","skill":"骨质疏松和骨代谢疾病、糖尿病、甲状腺疾病。","workDate":"2023-05-14","workTime":0,"reservedNumber":40,"availableNumber":6,"amount":100,"status":1,"hosScheduleId":"8"},{"id":"6463105bdc11af3b666cf0e8","createTime":"2023-05-16 13:10:51","updateTime":"2023-05-16 13:10:51","isDeleted":0,"param":{},"hoscode":"1000_0","depcode":"200040878","title":"副主任医师","docname":"邵迎红","skill":"内分泌与代谢性疾病。","workDate":"2023-05-16","workTime":1,"reservedNumber":27,"availableNumber":10,"amount":100,"status":1,"hosScheduleId":"9"},{"id":"6463105bdc11af3b666cf0e9","createTime":"2023-05-16 13:10:51","updateTime":"2023-05-16 13:10:51","isDeleted":0,"param":{},"hoscode":"1000_0","depcode":"200040878","title":"医师","docname":"邵迎红","skill":"内分泌科常见病。","workDate":"2023-05-16","workTime":0,"reservedNumber":33,"availableNumber":22,"amount":100,"status":1,"hosScheduleId":"10"}],"pageable":{"sort":{"sorted":false,"unsorted":true,"empty":true},"offset":0,"pageNumber":0,"pageSize":10,"paged":true,"unpaged":false},"last":false,"totalPages":5,"totalElements":47,"sort":{"sorted":false,"unsorted":true,"empty":true},"size":10,"number":0,"first":true,"numberOfElements":10,"empty":false},"ok":true}
2023-05-15 22:14:41.850 [SpringContextShutdownHook] INFO  o.s.scheduling.concurrent.ThreadPoolTaskExecutor - Shutting down ExecutorService 'applicationTaskExecutor'
2023-05-15 22:14:41.858 [SpringContextShutdownHook] INFO  com.zaxxer.hikari.HikariDataSource - GuliHikariPool - Shutdown initiated...
2023-05-15 22:14:41.867 [SpringContextShutdownHook] INFO  com.zaxxer.hikari.HikariDataSource - GuliHikariPool - Shutdown completed.
