2023-04-17 18:09:15.700 [restartedMain] INFO  com.atguigu.hospital.ManageApplication - Starting ManageApplication using Java 1.8.0_345 on mac300.charter.com with PID 3427 (/Users/yttao300/Documents/Career/HospitalSys/HospitalProject/reserve_parent/hospital-manage/target/classes started by yttao300 in /Users/yttao300/Documents/Career/HospitalSys/HospitalProject/reserve_parent)
2023-04-17 18:09:15.701 [restartedMain] INFO  com.atguigu.hospital.ManageApplication - The following 1 profile is active: "dev"
2023-04-17 18:09:15.724 [restartedMain] INFO  o.s.b.d.env.DevToolsPropertyDefaultsPostProcessor - Devtools property defaults active! Set 'spring.devtools.add-properties' to 'false' to disable
2023-04-17 18:09:15.724 [restartedMain] INFO  o.s.b.d.env.DevToolsPropertyDefaultsPostProcessor - For additional web related logging consider setting the 'logging.level.web' property to 'DEBUG'
2023-04-17 18:09:16.282 [restartedMain] INFO  o.s.boot.web.embedded.tomcat.TomcatWebServer - Tomcat initialized with port(s): 9998 (http)
2023-04-17 18:09:16.285 [restartedMain] INFO  org.apache.coyote.http11.Http11NioProtocol - Initializing ProtocolHandler ["http-nio-9998"]
2023-04-17 18:09:16.285 [restartedMain] INFO  org.apache.catalina.core.StandardService - Starting service [Tomcat]
2023-04-17 18:09:16.286 [restartedMain] INFO  org.apache.catalina.core.StandardEngine - Starting Servlet engine: [Apache Tomcat/9.0.73]
2023-04-17 18:09:16.307 [restartedMain] INFO  o.a.c.core.ContainerBase.[Tomcat].[localhost].[/] - Initializing Spring embedded WebApplicationContext
2023-04-17 18:09:16.307 [restartedMain] INFO  o.s.b.w.s.c.ServletWebServerApplicationContext - Root WebApplicationContext: initialization completed in 582 ms
2023-04-17 18:09:16.499 [restartedMain] INFO  org.apache.catalina.core.StandardService - Stopping service [Tomcat]
2023-04-17 18:09:16.505 [restartedMain] INFO  o.s.b.a.l.ConditionEvaluationReportLoggingListener - 

Error starting ApplicationContext. To display the conditions report re-run your application with 'debug' enabled.
2023-04-17 18:09:40.588 [restartedMain] INFO  com.atguigu.hospital.ManageApplication - Starting ManageApplication using Java 1.8.0_345 on mac300.charter.com with PID 3471 (/Users/yttao300/Documents/Career/HospitalSys/HospitalProject/reserve_parent/hospital-manage/target/classes started by yttao300 in /Users/yttao300/Documents/Career/HospitalSys/HospitalProject/reserve_parent)
2023-04-17 18:09:40.589 [restartedMain] INFO  com.atguigu.hospital.ManageApplication - The following 1 profile is active: "dev"
2023-04-17 18:09:40.611 [restartedMain] INFO  o.s.b.d.env.DevToolsPropertyDefaultsPostProcessor - Devtools property defaults active! Set 'spring.devtools.add-properties' to 'false' to disable
2023-04-17 18:09:40.611 [restartedMain] INFO  o.s.b.d.env.DevToolsPropertyDefaultsPostProcessor - For additional web related logging consider setting the 'logging.level.web' property to 'DEBUG'
2023-04-17 18:09:41.193 [restartedMain] INFO  o.s.boot.web.embedded.tomcat.TomcatWebServer - Tomcat initialized with port(s): 9998 (http)
2023-04-17 18:09:41.197 [restartedMain] INFO  org.apache.coyote.http11.Http11NioProtocol - Initializing ProtocolHandler ["http-nio-9998"]
2023-04-17 18:09:41.197 [restartedMain] INFO  org.apache.catalina.core.StandardService - Starting service [Tomcat]
2023-04-17 18:09:41.197 [restartedMain] INFO  org.apache.catalina.core.StandardEngine - Starting Servlet engine: [Apache Tomcat/9.0.73]
2023-04-17 18:09:41.219 [restartedMain] INFO  o.a.c.core.ContainerBase.[Tomcat].[localhost].[/] - Initializing Spring embedded WebApplicationContext
2023-04-17 18:09:41.219 [restartedMain] INFO  o.s.b.w.s.c.ServletWebServerApplicationContext - Root WebApplicationContext: initialization completed in 607 ms
2023-04-17 18:09:41.406 [restartedMain] INFO  org.apache.catalina.core.StandardService - Stopping service [Tomcat]
2023-04-17 18:09:41.412 [restartedMain] INFO  o.s.b.a.l.ConditionEvaluationReportLoggingListener - 

Error starting ApplicationContext. To display the conditions report re-run your application with 'debug' enabled.
2023-04-17 18:12:35.748 [restartedMain] INFO  com.atguigu.hospital.ManageApplication - Starting ManageApplication using Java 1.8.0_345 on mac300.charter.com with PID 3487 (/Users/yttao300/Documents/Career/HospitalSys/HospitalProject/reserve_parent/hospital-manage/target/classes started by yttao300 in /Users/yttao300/Documents/Career/HospitalSys/HospitalProject/reserve_parent)
2023-04-17 18:12:35.749 [restartedMain] INFO  com.atguigu.hospital.ManageApplication - The following 1 profile is active: "dev"
2023-04-17 18:12:35.772 [restartedMain] INFO  o.s.b.d.env.DevToolsPropertyDefaultsPostProcessor - Devtools property defaults active! Set 'spring.devtools.add-properties' to 'false' to disable
2023-04-17 18:12:35.773 [restartedMain] INFO  o.s.b.d.env.DevToolsPropertyDefaultsPostProcessor - For additional web related logging consider setting the 'logging.level.web' property to 'DEBUG'
2023-04-17 18:12:36.355 [restartedMain] INFO  o.s.boot.web.embedded.tomcat.TomcatWebServer - Tomcat initialized with port(s): 9998 (http)
2023-04-17 18:12:36.359 [restartedMain] INFO  org.apache.coyote.http11.Http11NioProtocol - Initializing ProtocolHandler ["http-nio-9998"]
2023-04-17 18:12:36.359 [restartedMain] INFO  org.apache.catalina.core.StandardService - Starting service [Tomcat]
2023-04-17 18:12:36.359 [restartedMain] INFO  org.apache.catalina.core.StandardEngine - Starting Servlet engine: [Apache Tomcat/9.0.73]
2023-04-17 18:12:36.385 [restartedMain] INFO  o.a.c.core.ContainerBase.[Tomcat].[localhost].[/] - Initializing Spring embedded WebApplicationContext
2023-04-17 18:12:36.385 [restartedMain] INFO  o.s.b.w.s.c.ServletWebServerApplicationContext - Root WebApplicationContext: initialization completed in 612 ms
2023-04-17 18:12:36.586 [restartedMain] INFO  org.apache.catalina.core.StandardService - Stopping service [Tomcat]
2023-04-17 18:12:36.593 [restartedMain] INFO  o.s.b.a.l.ConditionEvaluationReportLoggingListener - 

Error starting ApplicationContext. To display the conditions report re-run your application with 'debug' enabled.
2023-04-17 18:17:02.174 [restartedMain] INFO  com.atguigu.hospital.ManageApplication - Starting ManageApplication using Java 1.8.0_345 on mac300.charter.com with PID 3524 (/Users/yttao300/Documents/Career/HospitalSys/HospitalProject/reserve_parent/hospital-manage/target/classes started by yttao300 in /Users/yttao300/Documents/Career/HospitalSys/HospitalProject/reserve_parent)
2023-04-17 18:17:02.175 [restartedMain] INFO  com.atguigu.hospital.ManageApplication - The following 1 profile is active: "dev"
2023-04-17 18:17:02.195 [restartedMain] INFO  o.s.b.d.env.DevToolsPropertyDefaultsPostProcessor - Devtools property defaults active! Set 'spring.devtools.add-properties' to 'false' to disable
2023-04-17 18:17:02.196 [restartedMain] INFO  o.s.b.d.env.DevToolsPropertyDefaultsPostProcessor - For additional web related logging consider setting the 'logging.level.web' property to 'DEBUG'
2023-04-17 18:17:02.755 [restartedMain] INFO  o.s.boot.web.embedded.tomcat.TomcatWebServer - Tomcat initialized with port(s): 9998 (http)
2023-04-17 18:17:02.758 [restartedMain] INFO  org.apache.coyote.http11.Http11NioProtocol - Initializing ProtocolHandler ["http-nio-9998"]
2023-04-17 18:17:02.759 [restartedMain] INFO  org.apache.catalina.core.StandardService - Starting service [Tomcat]
2023-04-17 18:17:02.759 [restartedMain] INFO  org.apache.catalina.core.StandardEngine - Starting Servlet engine: [Apache Tomcat/9.0.73]
2023-04-17 18:17:02.786 [restartedMain] INFO  o.a.c.core.ContainerBase.[Tomcat].[localhost].[/] - Initializing Spring embedded WebApplicationContext
2023-04-17 18:17:02.786 [restartedMain] INFO  o.s.b.w.s.c.ServletWebServerApplicationContext - Root WebApplicationContext: initialization completed in 590 ms
2023-04-17 18:17:03.133 [restartedMain] INFO  s.d.s.w.PropertySourcedRequestMappingHandlerMapping - Mapped URL path [/v2/api-docs] onto method [springfox.documentation.swagger2.web.Swagger2Controller#getDocumentation(String, HttpServletRequest)]
2023-04-17 18:17:03.189 [restartedMain] INFO  o.s.b.d.autoconfigure.OptionalLiveReloadServer - LiveReload server is running on port 35729
2023-04-17 18:17:03.281 [restartedMain] INFO  org.apache.coyote.http11.Http11NioProtocol - Starting ProtocolHandler ["http-nio-9998"]
2023-04-17 18:17:03.290 [restartedMain] INFO  o.s.boot.web.embedded.tomcat.TomcatWebServer - Tomcat started on port(s): 9998 (http) with context path ''
2023-04-17 18:17:03.291 [restartedMain] INFO  s.d.s.web.plugins.DocumentationPluginsBootstrapper - Context refreshed
2023-04-17 18:17:03.299 [restartedMain] INFO  s.d.s.web.plugins.DocumentationPluginsBootstrapper - Found 1 custom documentation plugin(s)
2023-04-17 18:17:03.306 [restartedMain] INFO  org.apache.coyote.http11.Http11NioProtocol - Pausing ProtocolHandler ["http-nio-9998"]
2023-04-17 18:17:03.306 [restartedMain] INFO  org.apache.catalina.core.StandardService - Stopping service [Tomcat]
2023-04-17 18:17:03.308 [restartedMain] INFO  org.apache.coyote.http11.Http11NioProtocol - Stopping ProtocolHandler ["http-nio-9998"]
2023-04-17 18:17:03.309 [restartedMain] INFO  org.apache.coyote.http11.Http11NioProtocol - Destroying ProtocolHandler ["http-nio-9998"]
2023-04-17 18:17:03.313 [restartedMain] INFO  o.s.b.a.l.ConditionEvaluationReportLoggingListener - 

Error starting ApplicationContext. To display the conditions report re-run your application with 'debug' enabled.
2023-04-17 18:18:52.216 [restartedMain] INFO  com.atguigu.hospital.ManageApplication - Starting ManageApplication using Java 1.8.0_345 on mac300.charter.com with PID 3540 (/Users/yttao300/Documents/Career/HospitalSys/HospitalProject/reserve_parent/hospital-manage/target/classes started by yttao300 in /Users/yttao300/Documents/Career/HospitalSys/HospitalProject/reserve_parent)
2023-04-17 18:18:52.217 [restartedMain] INFO  com.atguigu.hospital.ManageApplication - The following 1 profile is active: "dev"
2023-04-17 18:18:52.237 [restartedMain] INFO  o.s.b.d.env.DevToolsPropertyDefaultsPostProcessor - Devtools property defaults active! Set 'spring.devtools.add-properties' to 'false' to disable
2023-04-17 18:18:52.238 [restartedMain] INFO  o.s.b.d.env.DevToolsPropertyDefaultsPostProcessor - For additional web related logging consider setting the 'logging.level.web' property to 'DEBUG'
2023-04-17 18:18:52.796 [restartedMain] INFO  o.s.boot.web.embedded.tomcat.TomcatWebServer - Tomcat initialized with port(s): 9998 (http)
2023-04-17 18:18:52.800 [restartedMain] INFO  org.apache.coyote.http11.Http11NioProtocol - Initializing ProtocolHandler ["http-nio-9998"]
2023-04-17 18:18:52.800 [restartedMain] INFO  org.apache.catalina.core.StandardService - Starting service [Tomcat]
2023-04-17 18:18:52.800 [restartedMain] INFO  org.apache.catalina.core.StandardEngine - Starting Servlet engine: [Apache Tomcat/9.0.73]
2023-04-17 18:18:52.827 [restartedMain] INFO  o.a.c.core.ContainerBase.[Tomcat].[localhost].[/] - Initializing Spring embedded WebApplicationContext
2023-04-17 18:18:52.828 [restartedMain] INFO  o.s.b.w.s.c.ServletWebServerApplicationContext - Root WebApplicationContext: initialization completed in 590 ms
2023-04-17 18:18:53.164 [restartedMain] INFO  s.d.s.w.PropertySourcedRequestMappingHandlerMapping - Mapped URL path [/v2/api-docs] onto method [springfox.documentation.swagger2.web.Swagger2Controller#getDocumentation(String, HttpServletRequest)]
2023-04-17 18:18:53.219 [restartedMain] INFO  o.s.b.d.autoconfigure.OptionalLiveReloadServer - LiveReload server is running on port 35729
2023-04-17 18:18:53.311 [restartedMain] INFO  org.apache.coyote.http11.Http11NioProtocol - Starting ProtocolHandler ["http-nio-9998"]
2023-04-17 18:18:53.321 [restartedMain] INFO  o.s.boot.web.embedded.tomcat.TomcatWebServer - Tomcat started on port(s): 9998 (http) with context path ''
2023-04-17 18:18:53.321 [restartedMain] INFO  s.d.s.web.plugins.DocumentationPluginsBootstrapper - Context refreshed
2023-04-17 18:18:53.327 [restartedMain] INFO  s.d.s.web.plugins.DocumentationPluginsBootstrapper - Found 1 custom documentation plugin(s)
2023-04-17 18:18:53.340 [restartedMain] INFO  s.d.spring.web.scanners.ApiListingReferenceScanner - Scanning for api listing references
2023-04-17 18:18:53.351 [restartedMain] INFO  com.atguigu.hospital.ManageApplication - Started ManageApplication in 1.395 seconds (JVM running for 1.908)
2023-04-17 18:19:30.019 [http-nio-9998-exec-1] INFO  o.a.c.core.ContainerBase.[Tomcat].[localhost].[/] - Initializing Spring DispatcherServlet 'dispatcherServlet'
2023-04-17 18:19:30.019 [http-nio-9998-exec-1] INFO  org.springframework.web.servlet.DispatcherServlet - Initializing Servlet 'dispatcherServlet'
2023-04-17 18:19:30.020 [http-nio-9998-exec-1] INFO  org.springframework.web.servlet.DispatcherServlet - Completed initialization in 1 ms
2023-04-17 18:19:42.759 [http-nio-9998-exec-9] INFO  com.zaxxer.hikari.HikariDataSource - GuliHikariPool - Starting...
2023-04-17 18:19:42.879 [http-nio-9998-exec-9] INFO  com.zaxxer.hikari.HikariDataSource - GuliHikariPool - Start completed.
2023-04-17 23:49:21.979 [SpringApplicationShutdownHook] INFO  com.zaxxer.hikari.HikariDataSource - GuliHikariPool - Shutdown initiated...
2023-04-17 23:49:21.981 [SpringApplicationShutdownHook] INFO  com.zaxxer.hikari.HikariDataSource - GuliHikariPool - Shutdown completed.
